0 info it worked if it ends with ok
1 verbose cli [ 'C:\\ProgramData\\Microsoft\\VisualStudio\\MDA\\61c06ce3\\taco-toolset-6.3.1\\node.exe',
1 verbose cli   'C:\\ProgramData\\Microsoft\\VisualStudio\\MDA\\61c06ce3\\taco-toolset-6.3.1\\node_modules\\npm\\bin\\npm-cli.js',
1 verbose cli   'info',
1 verbose cli   'nativepagetransitions' ]
2 info using npm@2.15.10
3 info using node@v4.4.3
4 silly mapToRegistry name nativepagetransitions
5 silly mapToRegistry using default registry
6 silly mapToRegistry registry https://registry.npmjs.org/
7 silly mapToRegistry data Result {
7 silly mapToRegistry   raw: 'nativepagetransitions',
7 silly mapToRegistry   scope: null,
7 silly mapToRegistry   name: 'nativepagetransitions',
7 silly mapToRegistry   rawSpec: '',
7 silly mapToRegistry   spec: 'latest',
7 silly mapToRegistry   type: 'tag' }
8 silly mapToRegistry uri https://registry.npmjs.org/nativepagetransitions
9 verbose request uri https://registry.npmjs.org/nativepagetransitions
10 verbose request no auth needed
11 info attempt registry request try #1 at 11:55:48
12 verbose request id 2232e17b95ec1196
13 http request GET https://registry.npmjs.org/nativepagetransitions
14 http 404 https://registry.npmjs.org/nativepagetransitions
15 verbose headers { date: 'Sun, 26 Aug 2018 14:55:50 GMT',
15 verbose headers   'content-type': 'application/json',
15 verbose headers   'content-length': '21',
15 verbose headers   connection: 'keep-alive',
15 verbose headers   'set-cookie': [ '__cfduid=d9761972480952421fda3e0a7a335e1931535295349; expires=Mon, 26-Aug-19 14:55:49 GMT; path=/; domain=.registry.npmjs.org; HttpOnly' ],
15 verbose headers   'cf-cache-status': 'MISS',
15 verbose headers   'cache-control': 'max-age=300',
15 verbose headers   'cf-ray': '450724401be34a36-GRU',
15 verbose headers   'expect-ct': 'max-age=604800, report-uri="https://report-uri.cloudflare.com/cdn-cgi/beacon/expect-ct"',
15 verbose headers   vary: 'accept-encoding, accept',
15 verbose headers   server: 'cloudflare' }
16 silly get cb [ 404,
16 silly get   { date: 'Sun, 26 Aug 2018 14:55:50 GMT',
16 silly get     'content-type': 'application/json',
16 silly get     'content-length': '21',
16 silly get     connection: 'keep-alive',
16 silly get     'set-cookie': [ '__cfduid=d9761972480952421fda3e0a7a335e1931535295349; expires=Mon, 26-Aug-19 14:55:49 GMT; path=/; domain=.registry.npmjs.org; HttpOnly' ],
16 silly get     'cf-cache-status': 'MISS',
16 silly get     'cache-control': 'max-age=300',
16 silly get     'cf-ray': '450724401be34a36-GRU',
16 silly get     'expect-ct': 'max-age=604800, report-uri="https://report-uri.cloudflare.com/cdn-cgi/beacon/expect-ct"',
16 silly get     vary: 'accept-encoding, accept',
16 silly get     server: 'cloudflare' } ]
17 verbose stack Error: Not found : nativepagetransitions
17 verbose stack     at makeError (C:\ProgramData\Microsoft\VisualStudio\MDA\61c06ce3\taco-toolset-6.3.1\node_modules\npm\node_modules\npm-registry-client\lib\request.js:264:12)
17 verbose stack     at CachingRegistryClient.<anonymous> (C:\ProgramData\Microsoft\VisualStudio\MDA\61c06ce3\taco-toolset-6.3.1\node_modules\npm\node_modules\npm-registry-client\lib\request.js:252:14)
17 verbose stack     at Request._callback (C:\ProgramData\Microsoft\VisualStudio\MDA\61c06ce3\taco-toolset-6.3.1\node_modules\npm\node_modules\npm-registry-client\lib\request.js:172:14)
17 verbose stack     at Request.self.callback (C:\ProgramData\Microsoft\VisualStudio\MDA\61c06ce3\taco-toolset-6.3.1\node_modules\npm\node_modules\request\request.js:187:22)
17 verbose stack     at emitTwo (events.js:87:13)
17 verbose stack     at Request.emit (events.js:172:7)
17 verbose stack     at Request.<anonymous> (C:\ProgramData\Microsoft\VisualStudio\MDA\61c06ce3\taco-toolset-6.3.1\node_modules\npm\node_modules\request\request.js:1044:10)
17 verbose stack     at emitOne (events.js:77:13)
17 verbose stack     at Request.emit (events.js:169:7)
17 verbose stack     at IncomingMessage.<anonymous> (C:\ProgramData\Microsoft\VisualStudio\MDA\61c06ce3\taco-toolset-6.3.1\node_modules\npm\node_modules\request\request.js:965:12)
18 verbose statusCode 404
19 verbose pkgid nativepagetransitions
20 verbose cwd C:\Users\Rubens\Documents\GitHub\Hackathon-InovaZL-2018-Equipe-3\aplicativo\AppSaudeConfort\AppSaudeConfort
21 error Windows_NT 10.0.17134
22 error argv "C:\\ProgramData\\Microsoft\\VisualStudio\\MDA\\61c06ce3\\taco-toolset-6.3.1\\node.exe" "C:\\ProgramData\\Microsoft\\VisualStudio\\MDA\\61c06ce3\\taco-toolset-6.3.1\\node_modules\\npm\\bin\\npm-cli.js" "info" "nativepagetransitions"
23 error node v4.4.3
24 error npm  v2.15.10
25 error code E404
26 error 404 Not found : nativepagetransitions
26 error 404
26 error 404 'nativepagetransitions' is not in the npm registry.
26 error 404 You should bug the author to publish it (or use the name yourself!)
26 error 404
26 error 404 Note that you can also install from a
26 error 404 tarball, folder, http url, or git url.
27 verbose exit [ 1, true ]
